{
  "RSpec": {
    "coverage": {
      "C:/Users/DELL/Desktop/rails-projects/dog/app/channels/application_cable/channel.rb": {
        "lines": [
          0,
          0,
          0,
          0
        ],
        "branches": {
        }
      },
      "C:/Users/DELL/Desktop/rails-projects/dog/app/channels/application_cable/connection.rb": {
        "lines": [
          0,
          0,
          0,
          0
        ],
        "branches": {
        }
      },
      "C:/Users/DELL/Desktop/rails-projects/dog/app/controllers/application_controller.rb": {
        "lines": [
          0,
          0
        ],
        "branches": {
        }
      },
      "C:/Users/DELL/Desktop/rails-projects/dog/app/controllers/pages_controller.rb": {
        "lines": [
          0,
          0,
          null,
          0,
          0
        ],
        "branches": {
        }
      },
      "C:/Users/DELL/Desktop/rails-projects/dog/app/helpers/application_helper.rb": {
        "lines": [
          0,
          0
        ],
        "branches": {
        }
      },
      "C:/Users/DELL/Desktop/rails-projects/dog/app/jobs/application_job.rb": {
        "lines": [
          0,
          null,
          null,
          null,
          null,
          null,
          0
        ],
        "branches": {
        }
      },
      "C:/Users/DELL/Desktop/rails-projects/dog/app/mailers/application_mailer.rb": {
        "lines": [
          0,
          0,
          0,
          0
        ],
        "branches": {
        }
      },
      "C:/Users/DELL/Desktop/rails-projects/dog/app/models/application_record.rb": {
        "lines": [
          0,
          0,
          0
        ],
        "branches": {
        }
      },
      "C:/Users/DELL/Desktop/rails-projects/dog/app/models/profile.rb": {
        "lines": [
          0,
          0
        ],
        "branches": {
        }
      },
      "C:/Users/DELL/Desktop/rails-projects/dog/app/models/user.rb": {
        "lines": [
          0,
          null,
          null,
          0,
          0,
          0
        ],
        "branches": {
        }
      }
    },
    "timestamp": 1715437351
  }
}
